<?xml version="1.0" encoding="UTF-8"?>
<!-- Generated by org.testng.reporters.JUnitReportReporter -->
<testsuite skipped="0" hostname="Prince" name="RestassuredTestCases.TC001_GetCalls" tests="1" failures="0" timestamp="29 Apr 2023 20:03:37 GMT" time="2.333" errors="0">
  <testcase name="getDetailsTest" time="2.333" classname="RestassuredTestCases.TC001_GetCalls"/>
</testsuite> <!-- RestassuredTestCases.TC001_GetCalls -->
